<?xml version="1.0" encoding="UTF-8"?>
<!-- Generated by org.testng.reporters.JUnitReportReporter -->
<testsuite name="com.course.cases.LoginTest" tests="2" time="0.815" ignored="0" failures="0" timestamp="14 Jun 2019 15:18:07 GMT" skipped="0" hostname="xiebeibeideMacBook-Pro.local" errors="0">
  <testcase name="loginFalse" time="0.041" classname="com.course.cases.LoginTest"/>
  <testcase name="loginTrue" time="0.774" classname="com.course.cases.LoginTest"/>
</testsuite> <!-- com.course.cases.LoginTest -->
