<?xml version="1.0" encoding="UTF-8"?>
<!-- Generated by org.testng.reporters.JUnitReportReporter -->
<testsuite name="com.course.cases.AddUserTest" tests="1" time="5.066" ignored="0" failures="0" timestamp="14 Jun 2019 15:18:07 GMT" skipped="0" hostname="xiebeibeideMacBook-Pro.local" errors="0">
  <testcase name="addUser" time="5.066" classname="com.course.cases.AddUserTest"/>
</testsuite> <!-- com.course.cases.AddUserTest -->
