<?xml version="1.0" encoding="UTF-8"?>
<!-- Generated by org.testng.reporters.JUnitReportReporter -->
<testsuite name="com.course.cases.GetUserInfoTest" tests="1" time="0.052" ignored="0" failures="0" timestamp="14 Jun 2019 15:18:07 GMT" skipped="0" hostname="xiebeibeideMacBook-Pro.local" errors="0">
  <testcase name="getUserInfo" time="0.052" classname="com.course.cases.GetUserInfoTest"/>
</testsuite> <!-- com.course.cases.GetUserInfoTest -->
